This file contains any messages produced by compilers while
running configure, to aid debugging if configure makes a mistake.

It was created by libccd configure 1.0, which was
generated by GNU Autoconf 2.69.  Invocation command line was

  $ ./configure --disable-option-checking --prefix=/usr/local --cache-file=/dev/null --srcdir=.

## --------- ##
## Platform. ##
## --------- ##

hostname = linux-fc4y
uname -m = x86_64
uname -r = 5.3.18-lp152.47-default
uname -s = Linux
uname -v = #1 SMP Thu Oct 15 16:05:25 UTC 2020 (41f7396)

/usr/bin/uname -p = x86_64
/bin/uname -X     = unknown

/bin/arch              = x86_64
/usr/bin/arch -k       = unknown
/usr/convex/getsysinfo = unknown
/usr/bin/hostinfo      = unknown
/bin/machine           = unknown
/usr/bin/oslevel       = unknown
/bin/universe          = unknown

PATH: /home/netpipe/bin
PATH: /usr/local/bin
PATH: /usr/bin
PATH: /bin


## ----------- ##
## Core tests. ##
## ----------- ##

configure:2311: loading site script /usr/share/site/x86_64-unknown-linux-gnu
| #!/bin/sh
| # Site script for configure. It is resourced via $CONFIG_SITE environment varaible.
| 
| # If user did not specify libdir, guess the correct target:
| # Use lib64 for 64 bit bi-arch targets, keep the default for the rest.
| if test "$libdir" = '${exec_prefix}/lib' ; then
| 
| 	ac_config_site_64bit_host=NONE
| 
| 	case "$host" in
| 	"" )
| 		# User did not specify host target.
| 		# The native platform x86_64 is a bi-arch platform.
| 		# Try to detect cross-compilation to inferior architecture.
| 
| 		# We are trying to guess 32-bit target compilation. It's not as easy as
| 		# it sounds, as there is possible several intermediate combinations.
| 		ac_config_site_cross_to_32bit_host=NONE
| 
| 		# User defined -m32 in CFLAGS or CXXFLAGS or CC or CXX:
| 		# (It's sufficient for 32-bit, but alone may cause mis-behavior of some checks.)
| 		case "$CFLAGS $CXXFLAGS $CC $CXX" in
| 		*-m32*)
| 			ac_config_site_cross_to_32bit_host=YES
| 			;;
| 		esac
| 
| 		# Running with linux32:
| 		# (Changes detected platform, but not the toolchain target.)
| 		case "`/bin/uname -i`" in
| 		x86_64 | ppc64 | s390x | aarch64 )
| 			;;
| 		* )
| 			ac_config_site_cross_to_32bit_host=YES
| 			;;
| 		esac
| 
| 		if test "x$ac_config_site_cross_to_32bit_host" = xNONE; then
| 			ac_config_site_64bit_host=YES
| 		fi
| 
| 		;;
| 	*x86_64* | *ppc64* | *s390x* | *aarch64* )
| 		ac_config_site_64bit_host=YES
| 		;;
| 	esac
| 
| 	if test "x$ac_config_site_64bit_host" = xYES; then
| 		libdir='${exec_prefix}/lib64'
| 	fi
| fi
| 
| # If user did not specify libexecdir, set the correct target:
| # Nor FHS nor openSUSE allow prefix/libexec. Let's default to prefix/lib.
| 
| if test "$libexecdir" = '${exec_prefix}/libexec' ; then
| 	libexecdir='${exec_prefix}/lib'
| fi
| 
| # Continue with the standard behavior of configure defined in AC_SITE_LOAD:
| if test "x$prefix" != xNONE; then
| 	ac_site_file1=$prefix/share/config.site
| 	ac_site_file2=$prefix/etc/config.site
| else
| 	ac_site_file1=$ac_default_prefix/share/config.site
| 	ac_site_file2=$ac_default_prefix/etc/config.site
| fi
| for ac_site_file in "$ac_site_file1" "$ac_site_file2"
| do
| 	test "x$ac_site_file" = xNONE && continue
| 	if test /dev/null != "$ac_site_file" && test -r "$ac_site_file"; then
| 		{ $as_echo "/usr/share/site/x86_64-unknown-linux-gnu:${as_lineno-$LINENO}: loading site script $ac_site_file" >&5
| $as_echo "/usr/share/site/x86_64-unknown-linux-gnu: loading site script $ac_site_file" >&6;}
| 		sed 's/^/| /' "$ac_site_file" >&5
| 		. "$ac_site_file" \
| 			|| { { $as_echo "/usr/share/site/x86_64-unknown-linux-gnu:${as_lineno-$LINENO}: error: in \`$ac_pwd':" >&5
| $as_echo "/usr/share/site/x86_64-unknown-linux-gnu: error: in \`$ac_pwd':" >&2;}
| as_fn_error $? "failed to load site script $ac_site_file
| See \`config.log' for more details" "$LINENO" 5; }
| 	fi
| done
configure:2455: checking for a BSD-compatible install
configure:2523: result: /usr/bin/install -c
configure:2534: checking whether build environment is sane
configure:2589: result: yes
configure:2740: checking for a thread-safe mkdir -p
configure:2779: result: /usr/bin/mkdir -p
configure:2786: checking for gawk
configure:2802: found /usr/bin/gawk
configure:2813: result: gawk
configure:2824: checking whether make sets $(MAKE)
configure:2846: result: yes
configure:2875: checking whether make supports nested variables
configure:2892: result: yes
configure:3078: checking for g++
configure:3094: found /usr/bin/g++
configure:3105: result: g++
configure:3132: checking for C++ compiler version
configure:3141: g++ --version >&5
g++ (SUSE Linux) 7.5.0
Copyright (C) 2017 Free Software Foundation, Inc.
This is free software; see the source for copying conditions.  There is NO
warranty; not even for MERCHANTABILITY or FITNESS FOR A PARTICULAR PURPOSE.

configure:3152: $? = 0
configure:3141: g++ -v >&5
Using built-in specs.
COLLECT_GCC=g++
COLLECT_LTO_WRAPPER=/usr/lib64/gcc/x86_64-suse-linux/7/lto-wrapper
OFFLOAD_TARGET_NAMES=hsa:nvptx-none
Target: x86_64-suse-linux
Configured with: ../configure --prefix=/usr --infodir=/usr/share/info --mandir=/usr/share/man --libdir=/usr/lib64 --libexecdir=/usr/lib64 --enable-languages=c,c++,objc,fortran,obj-c++,ada,go --enable-offload-targets=hsa,nvptx-none=/usr/nvptx-none, --without-cuda-driver --enable-checking=release --disable-werror --with-gxx-include-dir=/usr/include/c++/7 --enable-ssp --disable-libssp --disable-libvtv --disable-libcc1 --disable-plugin --with-bugurl=https://bugs.opensuse.org/ --with-pkgversion='SUSE Linux' --with-slibdir=/lib64 --with-system-zlib --enable-libstdcxx-allocator=new --disable-libstdcxx-pch --enable-version-specific-runtime-libs --with-gcc-major-version-only --enable-linker-build-id --enable-linux-futex --enable-gnu-indirect-function --program-suffix=-7 --without-system-libunwind --enable-multilib --with-arch-32=x86-64 --with-tune=generic --build=x86_64-suse-linux --host=x86_64-suse-linux
Thread model: posix
gcc version 7.5.0 (SUSE Linux) 
configure:3152: $? = 0
configure:3141: g++ -V >&5
g++: error: unrecognized command line option '-V'
g++: fatal error: no input files
compilation terminated.
configure:3152: $? = 1
configure:3141: g++ -qversion >&5
g++: error: unrecognized command line option '-qversion'; did you mean '--version'?
g++: fatal error: no input files
compilation terminated.
configure:3152: $? = 1
configure:3172: checking whether the C++ compiler works
configure:3194: g++    conftest.cpp  >&5
configure:3198: $? = 0
configure:3246: result: yes
configure:3249: checking for C++ compiler default output file name
configure:3251: result: a.out
configure:3257: checking for suffix of executables
configure:3264: g++ -o conftest    conftest.cpp  >&5
configure:3268: $? = 0
configure:3290: result: 
configure:3312: checking whether we are cross compiling
configure:3320: g++ -o conftest    conftest.cpp  >&5
configure:3324: $? = 0
configure:3331: ./conftest
configure:3335: $? = 0
configure:3350: result: no
configure:3355: checking for suffix of object files
configure:3377: g++ -c   conftest.cpp >&5
configure:3381: $? = 0
configure:3402: result: o
configure:3406: checking whether we are using the GNU C++ compiler
configure:3425: g++ -c   conftest.cpp >&5
configure:3425: $? = 0
configure:3434: result: yes
configure:3443: checking whether g++ accepts -g
configure:3463: g++ -c -g  conftest.cpp >&5
configure:3463: $? = 0
configure:3504: result: yes
configure:3538: checking for style of include used by make
configure:3566: result: GNU
configure:3592: checking dependency style of g++
configure:3703: result: gcc3
configure:3766: checking for gcc
configure:3782: found /usr/bin/gcc
configure:3793: result: gcc
configure:4022: checking for C compiler version
configure:4031: gcc --version >&5
gcc (SUSE Linux) 7.5.0
Copyright (C) 2017 Free Software Foundation, Inc.
This is free software; see the source for copying conditions.  There is NO
warranty; not even for MERCHANTABILITY or FITNESS FOR A PARTICULAR PURPOSE.

configure:4042: $? = 0
configure:4031: gcc -v >&5
Using built-in specs.
COLLECT_GCC=gcc
COLLECT_LTO_WRAPPER=/usr/lib64/gcc/x86_64-suse-linux/7/lto-wrapper
OFFLOAD_TARGET_NAMES=hsa:nvptx-none
Target: x86_64-suse-linux
Configured with: ../configure --prefix=/usr --infodir=/usr/share/info --mandir=/usr/share/man --libdir=/usr/lib64 --libexecdir=/usr/lib64 --enable-languages=c,c++,objc,fortran,obj-c++,ada,go --enable-offload-targets=hsa,nvptx-none=/usr/nvptx-none, --without-cuda-driver --enable-checking=release --disable-werror --with-gxx-include-dir=/usr/include/c++/7 --enable-ssp --disable-libssp --disable-libvtv --disable-libcc1 --disable-plugin --with-bugurl=https://bugs.opensuse.org/ --with-pkgversion='SUSE Linux' --with-slibdir=/lib64 --with-system-zlib --enable-libstdcxx-allocator=new --disable-libstdcxx-pch --enable-version-specific-runtime-libs --with-gcc-major-version-only --enable-linker-build-id --enable-linux-futex --enable-gnu-indirect-function --program-suffix=-7 --without-system-libunwind --enable-multilib --with-arch-32=x86-64 --with-tune=generic --build=x86_64-suse-linux --host=x86_64-suse-linux
Thread model: posix
gcc version 7.5.0 (SUSE Linux) 
configure:4042: $? = 0
configure:4031: gcc -V >&5
gcc: error: unrecognized command line option '-V'
gcc: fatal error: no input files
compilation terminated.
configure:4042: $? = 1
configure:4031: gcc -qversion >&5
gcc: error: unrecognized command line option '-qversion'; did you mean '--version'?
gcc: fatal error: no input files
compilation terminated.
configure:4042: $? = 1
configure:4046: checking whether we are using the GNU C compiler
configure:4065: gcc -c   conftest.c >&5
configure:4065: $? = 0
configure:4074: result: yes
configure:4083: checking whether gcc accepts -g
configure:4103: gcc -c -g  conftest.c >&5
configure:4103: $? = 0
configure:4144: result: yes
configure:4161: checking for gcc option to accept ISO C89
configure:4224: gcc  -c -g -O2  conftest.c >&5
configure:4224: $? = 0
configure:4237: result: none needed
configure:4262: checking whether gcc understands -c and -o together
configure:4284: gcc -c conftest.c -o conftest2.o
configure:4287: $? = 0
configure:4284: gcc -c conftest.c -o conftest2.o
configure:4287: $? = 0
configure:4299: result: yes
configure:4318: checking dependency style of gcc
configure:4429: result: gcc3
configure:4505: checking build system type
configure:4519: result: x86_64-unknown-linux-gnu
configure:4539: checking host system type
configure:4552: result: x86_64-unknown-linux-gnu
configure:4593: checking how to print strings
configure:4620: result: printf
configure:4641: checking for a sed that does not truncate output
configure:4705: result: /usr/bin/sed
configure:4723: checking for grep that handles long lines and -e
configure:4781: result: /usr/bin/grep
configure:4786: checking for egrep
configure:4848: result: /usr/bin/grep -E
configure:4853: checking for fgrep
configure:4915: result: /usr/bin/grep -F
configure:4950: checking for ld used by gcc
configure:5017: result: /usr/x86_64-suse-linux/bin/ld
configure:5024: checking if the linker (/usr/x86_64-suse-linux/bin/ld) is GNU ld
configure:5039: result: yes
configure:5051: checking for BSD- or MS-compatible name lister (nm)
configure:5105: result: /usr/bin/nm -B
configure:5235: checking the name lister (/usr/bin/nm -B) interface
configure:5242: gcc -c -g -O2  conftest.c >&5
configure:5245: /usr/bin/nm -B "conftest.o"
configure:5248: output
0000000000000000 B some_variable
configure:5255: result: BSD nm
configure:5258: checking whether ln -s works
configure:5262: result: yes
configure:5270: checking the maximum length of command line arguments
configure:5401: result: 1572864
configure:5449: checking how to convert x86_64-unknown-linux-gnu file names to x86_64-unknown-linux-gnu format
configure:5489: result: func_convert_file_noop
configure:5496: checking how to convert x86_64-unknown-linux-gnu file names to toolchain format
configure:5516: result: func_convert_file_noop
configure:5523: checking for /usr/x86_64-suse-linux/bin/ld option to reload object files
configure:5530: result: -r
configure:5604: checking for objdump
configure:5620: found /usr/bin/objdump
configure:5631: result: objdump
configure:5663: checking how to recognize dependent libraries
configure:5863: result: pass_all
configure:5948: checking for dlltool
configure:5978: result: no
configure:6008: checking how to associate runtime and link libraries
configure:6035: result: printf %s\n
configure:6096: checking for ar
configure:6112: found /usr/bin/ar
configure:6123: result: ar
configure:6160: checking for archiver @FILE support
configure:6177: gcc -c -g -O2  conftest.c >&5
configure:6177: $? = 0
configure:6180: ar cru libconftest.a @conftest.lst >&5
configure:6183: $? = 0
configure:6188: ar cru libconftest.a @conftest.lst >&5
ar: conftest.o: No such file or directory
configure:6191: $? = 1
configure:6203: result: @
configure:6261: checking for strip
configure:6277: found /usr/bin/strip
configure:6288: result: strip
configure:6360: checking for ranlib
configure:6376: found /usr/bin/ranlib
configure:6387: result: ranlib
configure:6489: checking command to parse /usr/bin/nm -B output from gcc object
configure:6642: gcc -c -g -O2  conftest.c >&5
configure:6645: $? = 0
configure:6649: /usr/bin/nm -B conftest.o \| sed -n -e 's/^.*[ ]\([ABCDGIRSTW][ABCDGIRSTW]*\)[ ][ ]*\([_A-Za-z][_A-Za-z0-9]*\)$/\1 \2 \2/p' | sed '/ __gnu_lto/d' \> conftest.nm
configure:6652: $? = 0
configure:6718: gcc -o conftest -g -O2   conftest.c conftstm.o >&5
configure:6721: $? = 0
configure:6759: result: ok
configure:6806: checking for sysroot
configure:6836: result: no
configure:6843: checking for a working dd
configure:6881: result: /usr/bin/dd
configure:6885: checking how to truncate binary pipes
configure:6900: result: /usr/bin/dd bs=4096 count=1
configure:7036: gcc -c -g -O2  conftest.c >&5
configure:7039: $? = 0
configure:7229: checking for mt
configure:7245: found /usr/bin/mt
configure:7256: result: mt
configure:7279: checking if mt is a manifest tool
configure:7285: mt '-?'
configure:7293: result: no
configure:7970: checking how to run the C preprocessor
configure:8001: gcc -E  conftest.c
configure:8001: $? = 0
configure:8015: gcc -E  conftest.c
conftest.c:11:10: fatal error: ac_nonexistent.h: No such file or directory
 #include <ac_nonexistent.h>
          ^~~~~~~~~~~~~~~~~~
compilation terminated.
configure:8015: $? = 1
configure: failed program was:
| /* confdefs.h */
| #define PACKAGE_NAME "libccd"
| #define PACKAGE_TARNAME "libccd"
| #define PACKAGE_VERSION "1.0"
| #define PACKAGE_STRING "libccd 1.0"
| #define PACKAGE_BUGREPORT "danfis@danfis.cz"
| #define PACKAGE_URL ""
| #define PACKAGE "libccd"
| #define VERSION "1.0"
| /* end confdefs.h.  */
| #include <ac_nonexistent.h>
configure:8040: result: gcc -E
configure:8060: gcc -E  conftest.c
configure:8060: $? = 0
configure:8074: gcc -E  conftest.c
conftest.c:11:10: fatal error: ac_nonexistent.h: No such file or directory
 #include <ac_nonexistent.h>
          ^~~~~~~~~~~~~~~~~~
compilation terminated.
configure:8074: $? = 1
configure: failed program was:
| /* confdefs.h */
| #define PACKAGE_NAME "libccd"
| #define PACKAGE_TARNAME "libccd"
| #define PACKAGE_VERSION "1.0"
| #define PACKAGE_STRING "libccd 1.0"
| #define PACKAGE_BUGREPORT "danfis@danfis.cz"
| #define PACKAGE_URL ""
| #define PACKAGE "libccd"
| #define VERSION "1.0"
| /* end confdefs.h.  */
| #include <ac_nonexistent.h>
configure:8103: checking for ANSI C header files
configure:8123: gcc -c -g -O2  conftest.c >&5
configure:8123: $? = 0
configure:8196: gcc -o conftest -g -O2   conftest.c  >&5
configure:8196: $? = 0
configure:8196: ./conftest
configure:8196: $? = 0
configure:8207: result: yes
configure:8220: checking for sys/types.h
configure:8220: gcc -c -g -O2  conftest.c >&5
configure:8220: $? = 0
configure:8220: result: yes
configure:8220: checking for sys/stat.h
configure:8220: gcc -c -g -O2  conftest.c >&5
configure:8220: $? = 0
configure:8220: result: yes
configure:8220: checking for stdlib.h
configure:8220: gcc -c -g -O2  conftest.c >&5
configure:8220: $? = 0
configure:8220: result: yes
configure:8220: checking for string.h
configure:8220: gcc -c -g -O2  conftest.c >&5
configure:8220: $? = 0
configure:8220: result: yes
configure:8220: checking for memory.h
configure:8220: gcc -c -g -O2  conftest.c >&5
configure:8220: $? = 0
configure:8220: result: yes
configure:8220: checking for strings.h
configure:8220: gcc -c -g -O2  conftest.c >&5
configure:8220: $? = 0
configure:8220: result: yes
configure:8220: checking for inttypes.h
configure:8220: gcc -c -g -O2  conftest.c >&5
configure:8220: $? = 0
configure:8220: result: yes
configure:8220: checking for stdint.h
configure:8220: gcc -c -g -O2  conftest.c >&5
configure:8220: $? = 0
configure:8220: result: yes
configure:8220: checking for unistd.h
configure:8220: gcc -c -g -O2  conftest.c >&5
configure:8220: $? = 0
configure:8220: result: yes
configure:8234: checking for dlfcn.h
configure:8234: gcc -c -g -O2  conftest.c >&5
configure:8234: $? = 0
configure:8234: result: yes
configure:8471: checking for objdir
configure:8486: result: .libs
configure:8746: checking if gcc supports -fno-rtti -fno-exceptions
configure:8764: gcc -c -g -O2  -fno-rtti -fno-exceptions conftest.c >&5
cc1: warning: command line option '-fno-rtti' is valid for C++/ObjC++ but not for C
configure:8768: $? = 0
configure:8781: result: no
configure:9139: checking for gcc option to produce PIC
configure:9146: result: -fPIC -DPIC
configure:9154: checking if gcc PIC flag -fPIC -DPIC works
configure:9172: gcc -c -g -O2  -fPIC -DPIC -DPIC conftest.c >&5
configure:9176: $? = 0
configure:9189: result: yes
configure:9218: checking if gcc static flag -static works
configure:9246: result: no
configure:9261: checking if gcc supports -c -o file.o
configure:9282: gcc -c -g -O2  -o out/conftest2.o conftest.c >&5
configure:9286: $? = 0
configure:9308: result: yes
configure:9316: checking if gcc supports -c -o file.o
configure:9363: result: yes
configure:9396: checking whether the gcc linker (/usr/x86_64-suse-linux/bin/ld -m elf_x86_64) supports shared libraries
configure:10655: result: yes
configure:10895: checking dynamic linker characteristics
configure:11476: gcc -o conftest -g -O2   -Wl,-rpath -Wl,/foo conftest.c  >&5
configure:11476: $? = 0
configure:11713: result: GNU/Linux ld.so
configure:11835: checking how to hardcode library paths into programs
configure:11860: result: immediate
configure:12408: checking whether stripping libraries is possible
configure:12413: result: yes
configure:12448: checking if libtool supports shared libraries
configure:12450: result: yes
configure:12453: checking whether to build shared libraries
configure:12478: result: no
configure:12481: checking whether to build static libraries
configure:12485: result: yes
configure:12508: checking how to run the C++ preprocessor
configure:12535: g++ -E  conftest.cpp
configure:12535: $? = 0
configure:12549: g++ -E  conftest.cpp
conftest.cpp:23:10: fatal error: ac_nonexistent.h: No such file or directory
 #include <ac_nonexistent.h>
          ^~~~~~~~~~~~~~~~~~
compilation terminated.
configure:12549: $? = 1
configure: failed program was:
| /* confdefs.h */
| #define PACKAGE_NAME "libccd"
| #define PACKAGE_TARNAME "libccd"
| #define PACKAGE_VERSION "1.0"
| #define PACKAGE_STRING "libccd 1.0"
| #define PACKAGE_BUGREPORT "danfis@danfis.cz"
| #define PACKAGE_URL ""
| #define PACKAGE "libccd"
| #define VERSION "1.0"
| #define STDC_HEADERS 1
| #define HAVE_SYS_TYPES_H 1
| #define HAVE_SYS_STAT_H 1
| #define HAVE_STDLIB_H 1
| #define HAVE_STRING_H 1
| #define HAVE_MEMORY_H 1
| #define HAVE_STRINGS_H 1
| #define HAVE_INTTYPES_H 1
| #define HAVE_STDINT_H 1
| #define HAVE_UNISTD_H 1
| #define HAVE_DLFCN_H 1
| #define LT_OBJDIR ".libs/"
| /* end confdefs.h.  */
| #include <ac_nonexistent.h>
configure:12574: result: g++ -E
configure:12594: g++ -E  conftest.cpp
configure:12594: $? = 0
configure:12608: g++ -E  conftest.cpp
conftest.cpp:23:10: fatal error: ac_nonexistent.h: No such file or directory
 #include <ac_nonexistent.h>
          ^~~~~~~~~~~~~~~~~~
compilation terminated.
configure:12608: $? = 1
configure: failed program was:
| /* confdefs.h */
| #define PACKAGE_NAME "libccd"
| #define PACKAGE_TARNAME "libccd"
| #define PACKAGE_VERSION "1.0"
| #define PACKAGE_STRING "libccd 1.0"
| #define PACKAGE_BUGREPORT "danfis@danfis.cz"
| #define PACKAGE_URL ""
| #define PACKAGE "libccd"
| #define VERSION "1.0"
| #define STDC_HEADERS 1
| #define HAVE_SYS_TYPES_H 1
| #define HAVE_SYS_STAT_H 1
| #define HAVE_STDLIB_H 1
| #define HAVE_STRING_H 1
| #define HAVE_MEMORY_H 1
| #define HAVE_STRINGS_H 1
| #define HAVE_INTTYPES_H 1
| #define HAVE_STDINT_H 1
| #define HAVE_UNISTD_H 1
| #define HAVE_DLFCN_H 1
| #define LT_OBJDIR ".libs/"
| /* end confdefs.h.  */
| #include <ac_nonexistent.h>
configure:12770: checking for ld used by g++
configure:12837: result: /usr/x86_64-suse-linux/bin/ld -m elf_x86_64
configure:12844: checking if the linker (/usr/x86_64-suse-linux/bin/ld -m elf_x86_64) is GNU ld
configure:12859: result: yes
configure:12914: checking whether the g++ linker (/usr/x86_64-suse-linux/bin/ld -m elf_x86_64) supports shared libraries
configure:13987: result: yes
configure:14023: g++ -c -g -O2  conftest.cpp >&5
configure:14026: $? = 0
configure:14507: checking for g++ option to produce PIC
configure:14514: result: -fPIC -DPIC
configure:14522: checking if g++ PIC flag -fPIC -DPIC works
configure:14540: g++ -c -g -O2  -fPIC -DPIC -DPIC conftest.cpp >&5
configure:14544: $? = 0
configure:14557: result: yes
configure:14580: checking if g++ static flag -static works
configure:14608: result: no
configure:14620: checking if g++ supports -c -o file.o
configure:14641: g++ -c -g -O2  -o out/conftest2.o conftest.cpp >&5
configure:14645: $? = 0
configure:14667: result: yes
configure:14672: checking if g++ supports -c -o file.o
configure:14719: result: yes
configure:14749: checking whether the g++ linker (/usr/x86_64-suse-linux/bin/ld -m elf_x86_64) supports shared libraries
configure:14789: result: yes
configure:14930: checking dynamic linker characteristics
configure:15675: result: GNU/Linux ld.so
configure:15740: checking how to hardcode library paths into programs
configure:15765: result: immediate
configure:15828: checking for main in -lm
configure:15847: gcc -o conftest -g -O2   conftest.c -lm   >&5
configure:15847: $? = 0
configure:15856: result: yes
configure:15868: checking for main in -lrt
configure:15887: gcc -o conftest -g -O2   conftest.c -lrt  -lm  >&5
configure:15887: $? = 0
configure:15896: result: yes
configure:15912: checking float.h usability
configure:15912: gcc -c -g -O2  conftest.c >&5
configure:15912: $? = 0
configure:15912: result: yes
configure:15912: checking float.h presence
configure:15912: gcc -E  conftest.c
configure:15912: $? = 0
configure:15912: result: yes
configure:15912: checking for float.h
configure:15912: result: yes
configure:15912: checking for stdlib.h
configure:15912: result: yes
configure:15912: checking for string.h
configure:15912: result: yes
configure:15912: checking for unistd.h
configure:15912: result: yes
configure:15924: checking for size_t
configure:15924: gcc -c -g -O2  conftest.c >&5
configure:15924: $? = 0
configure:15924: gcc -c -g -O2  conftest.c >&5
conftest.c: In function 'main':
conftest.c:65:21: error: expected expression before ')' token
 if (sizeof ((size_t)))
                     ^
configure:15924: $? = 1
configure: failed program was:
| /* confdefs.h */
| #define PACKAGE_NAME "libccd"
| #define PACKAGE_TARNAME "libccd"
| #define PACKAGE_VERSION "1.0"
| #define PACKAGE_STRING "libccd 1.0"
| #define PACKAGE_BUGREPORT "danfis@danfis.cz"
| #define PACKAGE_URL ""
| #define PACKAGE "libccd"
| #define VERSION "1.0"
| #define STDC_HEADERS 1
| #define HAVE_SYS_TYPES_H 1
| #define HAVE_SYS_STAT_H 1
| #define HAVE_STDLIB_H 1
| #define HAVE_STRING_H 1
| #define HAVE_MEMORY_H 1
| #define HAVE_STRINGS_H 1
| #define HAVE_INTTYPES_H 1
| #define HAVE_STDINT_H 1
| #define HAVE_UNISTD_H 1
| #define HAVE_DLFCN_H 1
| #define LT_OBJDIR ".libs/"
| #define HAVE_LIBM 1
| #define HAVE_LIBRT 1
| #define HAVE_FLOAT_H 1
| #define HAVE_STDLIB_H 1
| #define HAVE_STRING_H 1
| #define HAVE_UNISTD_H 1
| /* end confdefs.h.  */
| #include <stdio.h>
| #ifdef HAVE_SYS_TYPES_H
| # include <sys/types.h>
| #endif
| #ifdef HAVE_SYS_STAT_H
| # include <sys/stat.h>
| #endif
| #ifdef STDC_HEADERS
| # include <stdlib.h>
| # include <stddef.h>
| #else
| # ifdef HAVE_STDLIB_H
| #  include <stdlib.h>
| # endif
| #endif
| #ifdef HAVE_STRING_H
| # if !defined STDC_HEADERS && defined HAVE_MEMORY_H
| #  include <memory.h>
| # endif
| # include <string.h>
| #endif
| #ifdef HAVE_STRINGS_H
| # include <strings.h>
| #endif
| #ifdef HAVE_INTTYPES_H
| # include <inttypes.h>
| #endif
| #ifdef HAVE_STDINT_H
| # include <stdint.h>
| #endif
| #ifdef HAVE_UNISTD_H
| # include <unistd.h>
| #endif
| int
| main ()
| {
| if (sizeof ((size_t)))
| 	    return 0;
|   ;
|   return 0;
| }
configure:15924: result: yes
configure:15937: checking for pid_t
configure:15937: gcc -c -g -O2  conftest.c >&5
configure:15937: $? = 0
configure:15937: gcc -c -g -O2  conftest.c >&5
conftest.c: In function 'main':
conftest.c:65:20: error: expected expression before ')' token
 if (sizeof ((pid_t)))
                    ^
configure:15937: $? = 1
configure: failed program was:
| /* confdefs.h */
| #define PACKAGE_NAME "libccd"
| #define PACKAGE_TARNAME "libccd"
| #define PACKAGE_VERSION "1.0"
| #define PACKAGE_STRING "libccd 1.0"
| #define PACKAGE_BUGREPORT "danfis@danfis.cz"
| #define PACKAGE_URL ""
| #define PACKAGE "libccd"
| #define VERSION "1.0"
| #define STDC_HEADERS 1
| #define HAVE_SYS_TYPES_H 1
| #define HAVE_SYS_STAT_H 1
| #define HAVE_STDLIB_H 1
| #define HAVE_STRING_H 1
| #define HAVE_MEMORY_H 1
| #define HAVE_STRINGS_H 1
| #define HAVE_INTTYPES_H 1
| #define HAVE_STDINT_H 1
| #define HAVE_UNISTD_H 1
| #define HAVE_DLFCN_H 1
| #define LT_OBJDIR ".libs/"
| #define HAVE_LIBM 1
| #define HAVE_LIBRT 1
| #define HAVE_FLOAT_H 1
| #define HAVE_STDLIB_H 1
| #define HAVE_STRING_H 1
| #define HAVE_UNISTD_H 1
| /* end confdefs.h.  */
| #include <stdio.h>
| #ifdef HAVE_SYS_TYPES_H
| # include <sys/types.h>
| #endif
| #ifdef HAVE_SYS_STAT_H
| # include <sys/stat.h>
| #endif
| #ifdef STDC_HEADERS
| # include <stdlib.h>
| # include <stddef.h>
| #else
| # ifdef HAVE_STDLIB_H
| #  include <stdlib.h>
| # endif
| #endif
| #ifdef HAVE_STRING_H
| # if !defined STDC_HEADERS && defined HAVE_MEMORY_H
| #  include <memory.h>
| # endif
| # include <string.h>
| #endif
| #ifdef HAVE_STRINGS_H
| # include <strings.h>
| #endif
| #ifdef HAVE_INTTYPES_H
| # include <inttypes.h>
| #endif
| #ifdef HAVE_STDINT_H
| # include <stdint.h>
| #endif
| #ifdef HAVE_UNISTD_H
| # include <unistd.h>
| #endif
| int
| main ()
| {
| if (sizeof ((pid_t)))
| 	    return 0;
|   ;
|   return 0;
| }
configure:15937: result: yes
configure:15950: checking vfork.h usability
configure:15950: gcc -c -g -O2  conftest.c >&5
conftest.c:62:10: fatal error: vfork.h: No such file or directory
 #include <vfork.h>
          ^~~~~~~~~
compilation terminated.
configure:15950: $? = 1
configure: failed program was:
| /* confdefs.h */
| #define PACKAGE_NAME "libccd"
| #define PACKAGE_TARNAME "libccd"
| #define PACKAGE_VERSION "1.0"
| #define PACKAGE_STRING "libccd 1.0"
| #define PACKAGE_BUGREPORT "danfis@danfis.cz"
| #define PACKAGE_URL ""
| #define PACKAGE "libccd"
| #define VERSION "1.0"
| #define STDC_HEADERS 1
| #define HAVE_SYS_TYPES_H 1
| #define HAVE_SYS_STAT_H 1
| #define HAVE_STDLIB_H 1
| #define HAVE_STRING_H 1
| #define HAVE_MEMORY_H 1
| #define HAVE_STRINGS_H 1
| #define HAVE_INTTYPES_H 1
| #define HAVE_STDINT_H 1
| #define HAVE_UNISTD_H 1
| #define HAVE_DLFCN_H 1
| #define LT_OBJDIR ".libs/"
| #define HAVE_LIBM 1
| #define HAVE_LIBRT 1
| #define HAVE_FLOAT_H 1
| #define HAVE_STDLIB_H 1
| #define HAVE_STRING_H 1
| #define HAVE_UNISTD_H 1
| /* end confdefs.h.  */
| #include <stdio.h>
| #ifdef HAVE_SYS_TYPES_H
| # include <sys/types.h>
| #endif
| #ifdef HAVE_SYS_STAT_H
| # include <sys/stat.h>
| #endif
| #ifdef STDC_HEADERS
| # include <stdlib.h>
| # include <stddef.h>
| #else
| # ifdef HAVE_STDLIB_H
| #  include <stdlib.h>
| # endif
| #endif
| #ifdef HAVE_STRING_H
| # if !defined STDC_HEADERS && defined HAVE_MEMORY_H
| #  include <memory.h>
| # endif
| # include <string.h>
| #endif
| #ifdef HAVE_STRINGS_H
| # include <strings.h>
| #endif
| #ifdef HAVE_INTTYPES_H
| # include <inttypes.h>
| #endif
| #ifdef HAVE_STDINT_H
| # include <stdint.h>
| #endif
| #ifdef HAVE_UNISTD_H
| # include <unistd.h>
| #endif
| #include <vfork.h>
configure:15950: result: no
configure:15950: checking vfork.h presence
configure:15950: gcc -E  conftest.c
conftest.c:29:10: fatal error: vfork.h: No such file or directory
 #include <vfork.h>
          ^~~~~~~~~
compilation terminated.
configure:15950: $? = 1
configure: failed program was:
| /* confdefs.h */
| #define PACKAGE_NAME "libccd"
| #define PACKAGE_TARNAME "libccd"
| #define PACKAGE_VERSION "1.0"
| #define PACKAGE_STRING "libccd 1.0"
| #define PACKAGE_BUGREPORT "danfis@danfis.cz"
| #define PACKAGE_URL ""
| #define PACKAGE "libccd"
| #define VERSION "1.0"
| #define STDC_HEADERS 1
| #define HAVE_SYS_TYPES_H 1
| #define HAVE_SYS_STAT_H 1
| #define HAVE_STDLIB_H 1
| #define HAVE_STRING_H 1
| #define HAVE_MEMORY_H 1
| #define HAVE_STRINGS_H 1
| #define HAVE_INTTYPES_H 1
| #define HAVE_STDINT_H 1
| #define HAVE_UNISTD_H 1
| #define HAVE_DLFCN_H 1
| #define LT_OBJDIR ".libs/"
| #define HAVE_LIBM 1
| #define HAVE_LIBRT 1
| #define HAVE_FLOAT_H 1
| #define HAVE_STDLIB_H 1
| #define HAVE_STRING_H 1
| #define HAVE_UNISTD_H 1
| /* end confdefs.h.  */
| #include <vfork.h>
configure:15950: result: no
configure:15950: checking for vfork.h
configure:15950: result: no
configure:15963: checking for fork
configure:15963: gcc -o conftest -g -O2   conftest.c -lrt -lm  >&5
conftest.c:52:6: warning: conflicting types for built-in function 'fork' [-Wbuiltin-declaration-mismatch]
 char fork ();
      ^~~~
configure:15963: $? = 0
configure:15963: result: yes
configure:15963: checking for vfork
configure:15963: gcc -o conftest -g -O2   conftest.c -lrt -lm  >&5
configure:15963: $? = 0
configure:15963: result: yes
configure:15973: checking for working fork
configure:15995: gcc -o conftest -g -O2   conftest.c -lrt -lm  >&5
configure:15995: $? = 0
configure:15995: ./conftest
configure:15995: $? = 0
configure:16005: result: yes
configure:16026: checking for working vfork
configure:16136: result: yes
configure:16163: checking for clock_gettime
configure:16163: gcc -o conftest -g -O2   conftest.c -lrt -lm  >&5
configure:16163: $? = 0
configure:16163: result: yes
configure:16298: checking that generated files are newer than configure
configure:16304: result: done
configure:16331: creating ./config.status

## ---------------------- ##
## Running config.status. ##
## ---------------------- ##

This file was extended by libccd config.status 1.0, which was
generated by GNU Autoconf 2.69.  Invocation command line was

  CONFIG_FILES    = 
  CONFIG_HEADERS  = 
  CONFIG_LINKS    = 
  CONFIG_COMMANDS = 
  $ ./config.status 

on linux-fc4y

config.status:1162: creating Makefile
config.status:1162: creating src/Makefile
config.status:1162: creating src/ccd/precision.h
config.status:1162: creating src/testsuites/Makefile
config.status:1162: creating src/testsuites/cu/Makefile
config.status:1162: creating src/config.h
config.status:1343: src/config.h is unchanged
config.status:1391: executing depfiles commands
config.status:1391: executing libtool commands

## ---------------- ##
## Cache variables. ##
## ---------------- ##

ac_cv_build=x86_64-unknown-linux-gnu
ac_cv_c_compiler_gnu=yes
ac_cv_cxx_compiler_gnu=yes
ac_cv_env_CCC_set=
ac_cv_env_CCC_value=
ac_cv_env_CC_set=
ac_cv_env_CC_value=
ac_cv_env_CFLAGS_set=
ac_cv_env_CFLAGS_value=
ac_cv_env_CPPFLAGS_set=
ac_cv_env_CPPFLAGS_value=
ac_cv_env_CPP_set=
ac_cv_env_CPP_value=
ac_cv_env_CXXCPP_set=
ac_cv_env_CXXCPP_value=
ac_cv_env_CXXFLAGS_set=
ac_cv_env_CXXFLAGS_value=
ac_cv_env_CXX_set=
ac_cv_env_CXX_value=
ac_cv_env_LDFLAGS_set=
ac_cv_env_LDFLAGS_value=
ac_cv_env_LIBS_set=
ac_cv_env_LIBS_value=
ac_cv_env_LT_SYS_LIBRARY_PATH_set=
ac_cv_env_LT_SYS_LIBRARY_PATH_value=
ac_cv_env_build_alias_set=
ac_cv_env_build_alias_value=
ac_cv_env_host_alias_set=
ac_cv_env_host_alias_value=
ac_cv_env_target_alias_set=
ac_cv_env_target_alias_value=
ac_cv_func_clock_gettime=yes
ac_cv_func_fork=yes
ac_cv_func_fork_works=yes
ac_cv_func_vfork=yes
ac_cv_func_vfork_works=yes
ac_cv_header_dlfcn_h=yes
ac_cv_header_float_h=yes
ac_cv_header_inttypes_h=yes
ac_cv_header_memory_h=yes
ac_cv_header_stdc=yes
ac_cv_header_stdint_h=yes
ac_cv_header_stdlib_h=yes
ac_cv_header_string_h=yes
ac_cv_header_strings_h=yes
ac_cv_header_sys_stat_h=yes
ac_cv_header_sys_types_h=yes
ac_cv_header_unistd_h=yes
ac_cv_header_vfork_h=no
ac_cv_host=x86_64-unknown-linux-gnu
ac_cv_lib_m_main=yes
ac_cv_lib_rt_main=yes
ac_cv_objext=o
ac_cv_path_EGREP='/usr/bin/grep -E'
ac_cv_path_FGREP='/usr/bin/grep -F'
ac_cv_path_GREP=/usr/bin/grep
ac_cv_path_SED=/usr/bin/sed
ac_cv_path_install='/usr/bin/install -c'
ac_cv_path_lt_DD=/usr/bin/dd
ac_cv_path_mkdir=/usr/bin/mkdir
ac_cv_prog_AWK=gawk
ac_cv_prog_CPP='gcc -E'
ac_cv_prog_CXXCPP='g++ -E'
ac_cv_prog_ac_ct_AR=ar
ac_cv_prog_ac_ct_CC=gcc
ac_cv_prog_ac_ct_CXX=g++
ac_cv_prog_ac_ct_MANIFEST_TOOL=mt
ac_cv_prog_ac_ct_OBJDUMP=objdump
ac_cv_prog_ac_ct_RANLIB=ranlib
ac_cv_prog_ac_ct_STRIP=strip
ac_cv_prog_cc_c89=
ac_cv_prog_cc_g=yes
ac_cv_prog_cxx_g=yes
ac_cv_prog_make_make_set=yes
ac_cv_type_pid_t=yes
ac_cv_type_size_t=yes
am_cv_CC_dependencies_compiler_type=gcc3
am_cv_CXX_dependencies_compiler_type=gcc3
am_cv_make_support_nested_variables=yes
am_cv_prog_cc_c_o=yes
lt_cv_ar_at_file=@
lt_cv_deplibs_check_method=pass_all
lt_cv_file_magic_cmd='$MAGIC_CMD'
lt_cv_file_magic_test_file=
lt_cv_ld_reload_flag=-r
lt_cv_nm_interface='BSD nm'
lt_cv_objdir=.libs
lt_cv_path_LD=/usr/x86_64-suse-linux/bin/ld
lt_cv_path_LDCXX='/usr/x86_64-suse-linux/bin/ld -m elf_x86_64'
lt_cv_path_NM='/usr/bin/nm -B'
lt_cv_path_mainfest_tool=no
lt_cv_prog_compiler_c_o=yes
lt_cv_prog_compiler_c_o_CXX=yes
lt_cv_prog_compiler_pic='-fPIC -DPIC'
lt_cv_prog_compiler_pic_CXX='-fPIC -DPIC'
lt_cv_prog_compiler_pic_works=yes
lt_cv_prog_compiler_pic_works_CXX=yes
lt_cv_prog_compiler_rtti_exceptions=no
lt_cv_prog_compiler_static_works=no
lt_cv_prog_compiler_static_works_CXX=no
lt_cv_prog_gnu_ld=yes
lt_cv_prog_gnu_ldcxx=yes
lt_cv_sharedlib_from_linklib_cmd='printf %s\n'
lt_cv_shlibpath_overrides_runpath=yes
lt_cv_sys_global_symbol_pipe='sed -n -e '\''s/^.*[	 ]\([ABCDGIRSTW][ABCDGIRSTW]*\)[	 ][	 ]*\([_A-Za-z][_A-Za-z0-9]*\)$/\1 \2 \2/p'\'' | sed '\''/ __gnu_lto/d'\'''
lt_cv_sys_global_symbol_to_c_name_address='sed -n -e '\''s/^: \(.*\) .*$/  {"\1", (void *) 0},/p'\'' -e '\''s/^[ABCDGIRSTW][ABCDGIRSTW]* .* \(.*\)$/  {"\1", (void *) \&\1},/p'\'''
lt_cv_sys_global_symbol_to_c_name_address_lib_prefix='sed -n -e '\''s/^: \(.*\) .*$/  {"\1", (void *) 0},/p'\'' -e '\''s/^[ABCDGIRSTW][ABCDGIRSTW]* .* \(lib.*\)$/  {"\1", (void *) \&\1},/p'\'' -e '\''s/^[ABCDGIRSTW][ABCDGIRSTW]* .* \(.*\)$/  {"lib\1", (void *) \&\1},/p'\'''
lt_cv_sys_global_symbol_to_cdecl='sed -n -e '\''s/^T .* \(.*\)$/extern int \1();/p'\'' -e '\''s/^[ABCDGIRSTW][ABCDGIRSTW]* .* \(.*\)$/extern char \1;/p'\'''
lt_cv_sys_global_symbol_to_import=
lt_cv_sys_max_cmd_len=1572864
lt_cv_to_host_file_cmd=func_convert_file_noop
lt_cv_to_tool_file_cmd=func_convert_file_noop
lt_cv_truncate_bin='/usr/bin/dd bs=4096 count=1'

## ----------------- ##
## Output variables. ##
## ----------------- ##

ACLOCAL='${SHELL} /run/media/netpipe/DEV/Dev/Luna/LunaLibs/physics/ode-0.13/missing aclocal-1.15'
AMDEPBACKSLASH='\'
AMDEP_FALSE='#'
AMDEP_TRUE=''
AMTAR='$${TAR-tar}'
AM_BACKSLASH='\'
AM_DEFAULT_V='$(AM_DEFAULT_VERBOSITY)'
AM_DEFAULT_VERBOSITY='1'
AM_V='$(V)'
AR='ar'
AUTOCONF='${SHELL} /run/media/netpipe/DEV/Dev/Luna/LunaLibs/physics/ode-0.13/missing autoconf'
AUTOHEADER='${SHELL} /run/media/netpipe/DEV/Dev/Luna/LunaLibs/physics/ode-0.13/missing autoheader'
AUTOMAKE='${SHELL} /run/media/netpipe/DEV/Dev/Luna/LunaLibs/physics/ode-0.13/missing automake-1.15'
AWK='gawk'
CC='gcc'
CCDEPMODE='depmode=gcc3'
CCD_PRECISION='CCD_SINGLE'
CFLAGS='-g -O2'
CPP='gcc -E'
CPPFLAGS=''
CXX='g++'
CXXCPP='g++ -E'
CXXDEPMODE='depmode=gcc3'
CXXFLAGS='-g -O2'
CYGPATH_W='echo'
DEFS='-DHAVE_CONFIG_H'
DEPDIR='.deps'
DLLTOOL='false'
DSYMUTIL=''
DUMPBIN=''
ECHO_C=''
ECHO_N='-n'
ECHO_T=''
EGREP='/usr/bin/grep -E'
EXEEXT=''
FGREP='/usr/bin/grep -F'
GREP='/usr/bin/grep'
INSTALL_DATA='${INSTALL} -m 644'
INSTALL_PROGRAM='${INSTALL}'
INSTALL_SCRIPT='${INSTALL}'
INSTALL_STRIP_PROGRAM='$(install_sh) -c -s'
LD='/usr/x86_64-suse-linux/bin/ld -m elf_x86_64'
LDFLAGS=''
LIBOBJS=''
LIBS='-lrt -lm '
LIBTOOL='$(SHELL) $(top_builddir)/libtool'
LIPO=''
LN_S='ln -s'
LTLIBOBJS=''
LT_SYS_LIBRARY_PATH=''
MAKEINFO='${SHELL} /run/media/netpipe/DEV/Dev/Luna/LunaLibs/physics/ode-0.13/missing makeinfo'
MANIFEST_TOOL=':'
MKDIR_P='/usr/bin/mkdir -p'
NM='/usr/bin/nm -B'
NMEDIT=''
OBJDUMP='objdump'
OBJEXT='o'
OTOOL64=''
OTOOL=''
PACKAGE='libccd'
PACKAGE_BUGREPORT='danfis@danfis.cz'
PACKAGE_NAME='libccd'
PACKAGE_STRING='libccd 1.0'
PACKAGE_TARNAME='libccd'
PACKAGE_URL=''
PACKAGE_VERSION='1.0'
PATH_SEPARATOR=':'
RANLIB='ranlib'
SED='/usr/bin/sed'
SET_MAKE=''
SHELL='/bin/sh'
STRIP='strip'
VERSION='1.0'
ac_ct_AR='ar'
ac_ct_CC='gcc'
ac_ct_CXX='g++'
ac_ct_DUMPBIN=''
am__EXEEXT_FALSE=''
am__EXEEXT_TRUE='#'
am__fastdepCC_FALSE='#'
am__fastdepCC_TRUE=''
am__fastdepCXX_FALSE='#'
am__fastdepCXX_TRUE=''
am__include='include'
am__isrc=''
am__leading_dot='.'
am__nodep='_no'
am__quote=''
am__tar='$${TAR-tar} chof - "$$tardir"'
am__untar='$${TAR-tar} xf -'
bindir='${exec_prefix}/bin'
build='x86_64-unknown-linux-gnu'
build_alias=''
build_cpu='x86_64'
build_os='linux-gnu'
build_vendor='unknown'
datadir='${datarootdir}'
datarootdir='${prefix}/share'
docdir='${datarootdir}/doc/${PACKAGE_TARNAME}'
dvidir='${docdir}'
exec_prefix='${prefix}'
host='x86_64-unknown-linux-gnu'
host_alias=''
host_cpu='x86_64'
host_os='linux-gnu'
host_vendor='unknown'
htmldir='${docdir}'
includedir='${prefix}/include'
infodir='${datarootdir}/info'
install_sh='${SHELL} /run/media/netpipe/DEV/Dev/Luna/LunaLibs/physics/ode-0.13/install-sh'
libdir='${exec_prefix}/lib64'
libexecdir='${exec_prefix}/lib'
localedir='${datarootdir}/locale'
localstatedir='${prefix}/var'
mandir='${datarootdir}/man'
mkdir_p='$(MKDIR_P)'
oldincludedir='/usr/include'
pdfdir='${docdir}'
prefix='/usr/local'
program_transform_name='s,x,x,'
psdir='${docdir}'
sbindir='${exec_prefix}/sbin'
sharedstatedir='${prefix}/com'
sysconfdir='${prefix}/etc'
target_alias=''

## ----------- ##
## confdefs.h. ##
## ----------- ##

/* confdefs.h */
#define PACKAGE_NAME "libccd"
#define PACKAGE_TARNAME "libccd"
#define PACKAGE_VERSION "1.0"
#define PACKAGE_STRING "libccd 1.0"
#define PACKAGE_BUGREPORT "danfis@danfis.cz"
#define PACKAGE_URL ""
#define PACKAGE "libccd"
#define VERSION "1.0"
#define STDC_HEADERS 1
#define HAVE_SYS_TYPES_H 1
#define HAVE_SYS_STAT_H 1
#define HAVE_STDLIB_H 1
#define HAVE_STRING_H 1
#define HAVE_MEMORY_H 1
#define HAVE_STRINGS_H 1
#define HAVE_INTTYPES_H 1
#define HAVE_STDINT_H 1
#define HAVE_UNISTD_H 1
#define HAVE_DLFCN_H 1
#define LT_OBJDIR ".libs/"
#define HAVE_LIBM 1
#define HAVE_LIBRT 1
#define HAVE_FLOAT_H 1
#define HAVE_STDLIB_H 1
#define HAVE_STRING_H 1
#define HAVE_UNISTD_H 1
#define HAVE_FORK 1
#define HAVE_VFORK 1
#define HAVE_WORKING_VFORK 1
#define HAVE_WORKING_FORK 1
#define HAVE_CLOCK_GETTIME 1

configure: exit 0
